DEPRECATION WARNING: ActiveRecord::Base.default_timezone is deprecated and will be removed in Rails 7.1.
Use `ActiveRecord.default_timezone` instead.
 (called from <top (required)> at /home/aissaoui/Downloads/lab8-BandBlitizAuthentication&TDD-Ahmed (1)/lab8-preethagopinath-main/BandBlitzStarter/config/environment.rb:5)
DEPRECATION WARNING: ActiveRecord::Base.default_timezone is deprecated and will be removed in Rails 7.1.
Use `ActiveRecord.default_timezone` instead.
 (called from <top (required)> at /home/aissaoui/Downloads/lab8-BandBlitizAuthentication&TDD-Ahmed (1)/lab8-preethagopinath-main/BandBlitzStarter/config/environment.rb:5)
DEPRECATION WARNING: ActiveRecord::Base.default_timezone is deprecated and will be removed in Rails 7.1.
Use `ActiveRecord.default_timezone` instead.
 (called from <top (required)> at /home/aissaoui/Downloads/lab8-BandBlitizAuthentication&TDD-Ahmed (1)/lab8-preethagopinath-main/BandBlitzStarter/config/environment.rb:5)
DEPRECATION WARNING: ActiveRecord::Base.default_timezone is deprecated and will be removed in Rails 7.1.
Use `ActiveRecord.default_timezone` instead.
 (called from <top (required)> at /home/aissaoui/Downloads/lab8-BandBlitizAuthentication&TDD-Ahmed (1)/lab8-preethagopinath-main/BandBlitzStarter/config/environment.rb:5)
DEPRECATION WARNING: ActiveRecord::Base.default_timezone is deprecated and will be removed in Rails 7.1.
Use `ActiveRecord.default_timezone` instead.
 (called from <top (required)> at /home/aissaoui/Downloads/lab8-BandBlitizAuthentication&TDD-Ahmed (1)/lab8-preethagopinath-main/BandBlitzStarter/config/environment.rb:5)
DEPRECATION WARNING: ActiveRecord::Base.default_timezone is deprecated and will be removed in Rails 7.1.
Use `ActiveRecord.default_timezone` instead.
 (called from <top (required)> at /home/aissaoui/Downloads/lab8-BandBlitizAuthentication&TDD-Ahmed (1)/lab8-preethagopinath-main/BandBlitzStarter/config/environment.rb:5)
DEPRECATION WARNING: ActiveRecord::Base.default_timezone is deprecated and will be removed in Rails 7.1.
Use `ActiveRecord.default_timezone` instead.
 (called from <top (required)> at /home/aissaoui/Downloads/lab8-BandBlitizAuthentication&TDD-Ahmed (1)/lab8-preethagopinath-main/BandBlitzStarter/config/environment.rb:5)
DEPRECATION WARNING: ActiveRecord::Base.default_timezone is deprecated and will be removed in Rails 7.1.
Use `ActiveRecord.default_timezone` instead.
 (called from <top (required)> at /home/aissaoui/Downloads/lab8-BandBlitizAuthentication&TDD-Ahmed (1)/lab8-preethagopinath-main/BandBlitzStarter/config/environment.rb:5)
DEPRECATION WARNING: ActiveRecord::Base.default_timezone is deprecated and will be removed in Rails 7.1.
Use `ActiveRecord.default_timezone` instead.
 (called from <top (required)> at /home/aissaoui/Downloads/lab8-BandBlitizAuthentication&TDD-Ahmed (1)/lab8-preethagopinath-main/BandBlitzStarter/config/environment.rb:5)
DEPRECATION WARNING: ActiveRecord::Base.default_timezone is deprecated and will be removed in Rails 7.1.
Use `ActiveRecord.default_timezone` instead.
 (called from <top (required)> at /home/aissaoui/Downloads/lab8-BandBlitizAuthentication&TDD-Ahmed (1)/lab8-preethagopinath-main/BandBlitzStarter/config/environment.rb:5)
  [1m[35m (4.1ms)[0m  [1m[35mCREATE TABLE "schema_migrations" ("version" varchar NOT NULL PRIMARY KEY)[0m
  [1m[35m (3.3ms)[0m  [1m[35mCREATE TABLE "ar_internal_metadata" ("key" varchar NOT NULL PRIMARY KEY, "value" varchar, "created_at" datetime(6) NOT NULL, "updated_at" datetime(6) NOT NULL)[0m
  [1m[36mActiveRecord::SchemaMigration Pluck (0.1ms)[0m  [1m[34mSELECT "schema_migrations"."version" FROM "schema_migrations" ORDER BY "schema_migrations"."version" ASC[0m
Migrating to CreateBandGenres (20170925172142)
  [1m[36mTRANSACTION (0.0ms)[0m  [1m[36mbegin transaction[0m
  [1m[35m (0.2ms)[0m  [1m[35mCREATE TABLE "band_genres" ("id" integer PRIMARY KEY AUTOINCREMENT NOT NULL, "band_id" integer, "genre_id" integer, "created_at" datetime(6) NOT NULL, "updated_at" datetime(6) NOT NULL)[0m
  [1m[36mActiveRecord::SchemaMigration Create (0.2ms)[0m  [1m[32mINSERT INTO "schema_migrations" ("version") VALUES (?)[0m  [["version", "20170925172142"]]
  [1m[36mTRANSACTION (3.7ms)[0m  [1m[36mcommit transaction[0m
Migrating to CreateBands (20170925172315)
  [1m[36mTRANSACTION (0.0ms)[0m  [1m[36mbegin transaction[0m
  [1m[35m (0.4ms)[0m  [1m[35mCREATE TABLE "bands" ("id" integer PRIMARY KEY AUTOINCREMENT NOT NULL, "name" varchar, "description" text, "playing_next" varchar, "when_playing_next" datetime(6), "photo" varchar, "song" varchar, "created_at" datetime(6) NOT NULL, "updated_at" datetime(6) NOT NULL)[0m
  [1m[36mActiveRecord::SchemaMigration Create (0.1ms)[0m  [1m[32mINSERT INTO "schema_migrations" ("version") VALUES (?)[0m  [["version", "20170925172315"]]
  [1m[36mTRANSACTION (3.6ms)[0m  [1m[36mcommit transaction[0m
Migrating to CreateGenres (20170925172344)
  [1m[36mTRANSACTION (0.1ms)[0m  [1m[36mbegin transaction[0m
  [1m[35m (0.3ms)[0m  [1m[35mCREATE TABLE "genres" ("id" integer PRIMARY KEY AUTOINCREMENT NOT NULL, "name" varchar, "created_at" datetime(6) NOT NULL, "updated_at" datetime(6) NOT NULL)[0m
  [1m[36mActiveRecord::SchemaMigration Create (0.1ms)[0m  [1m[32mINSERT INTO "schema_migrations" ("version") VALUES (?)[0m  [["version", "20170925172344"]]
  [1m[36mTRANSACTION (3.4ms)[0m  [1m[36mcommit transaction[0m
Migrating to CreateUsers (20240130135910)
  [1m[36mTRANSACTION (0.0ms)[0m  [1m[36mbegin transaction[0m
  [1m[35m (0.3ms)[0m  [1m[35mCREATE TABLE "users" ("id" integer PRIMARY KEY AUTOINCREMENT NOT NULL, "first_name" varchar, "last_name" varchar, "email" varchar, "role" varchar DEFAULT 'member', "password_digest" varchar, "band_id" integer, "active" boolean DEFAULT 1, "created_at" datetime(6) NOT NULL, "updated_at" datetime(6) NOT NULL)[0m
  [1m[36mActiveRecord::SchemaMigration Create (0.1ms)[0m  [1m[32mINSERT INTO "schema_migrations" ("version") VALUES (?)[0m  [["version", "20240130135910"]]
  [1m[36mTRANSACTION (3.4ms)[0m  [1m[36mcommit transaction[0m
  [1m[36mActiveRecord::InternalMetadata Load (0.1ms)[0m  [1m[34mSELECT "ar_internal_metadata".* FROM "ar_internal_metadata" WHERE "ar_internal_metadata"."key" = ? LIMIT ?[0m  [["key", "environment"], ["LIMIT", 1]]
  [1m[36mTRANSACTION (0.1ms)[0m  [1m[36mbegin transaction[0m
  [1m[36mActiveRecord::InternalMetadata Create (0.2ms)[0m  [1m[32mINSERT INTO "ar_internal_metadata" ("key", "value", "created_at", "updated_at") VALUES (?, ?, ?, ?)[0m  [["key", "environment"], ["value", "development"], ["created_at", "2024-01-30 14:02:41.103290"], ["updated_at", "2024-01-30 14:02:41.103290"]]
  [1m[36mTRANSACTION (3.1ms)[0m  [1m[36mcommit transaction[0m
  [1m[36mActiveRecord::SchemaMigration Pluck (0.1ms)[0m  [1m[34mSELECT "schema_migrations"."version" FROM "schema_migrations" ORDER BY "schema_migrations"."version" ASC[0m
DEPRECATION WARNING: ActiveRecord::Base.default_timezone is deprecated and will be removed in Rails 7.1.
Use `ActiveRecord.default_timezone` instead.
 (called from <top (required)> at /home/aissaoui/Downloads/lab8-BandBlitizAuthentication&TDD-Ahmed (1)/lab8-preethagopinath-main/BandBlitzStarter/config/environment.rb:5)
DEPRECATION WARNING: ActiveRecord::Base.default_timezone is deprecated and will be removed in Rails 7.1.
Use `ActiveRecord.default_timezone` instead.
 (called from <top (required)> at /home/aissaoui/Downloads/lab8-BandBlitizAuthentication&TDD-Ahmed (1)/lab8-preethagopinath-main/BandBlitzStarter/config/environment.rb:5)
DEPRECATION WARNING: ActiveRecord::Base.default_timezone is deprecated and will be removed in Rails 7.1.
Use `ActiveRecord.default_timezone` instead.
 (called from <top (required)> at /home/aissaoui/Downloads/lab8-BandBlitizAuthentication&TDD-Ahmed (1)/lab8-preethagopinath-main/BandBlitzStarter/config/environment.rb:5)
  [1m[36mActiveRecord::SchemaMigration Pluck (0.1ms)[0m  [1m[34mSELECT "schema_migrations"."version" FROM "schema_migrations" ORDER BY "schema_migrations"."version" ASC[0m
Migrating to AddDefaultAdminUser (20240130155006)
  [1m[36mTRANSACTION (0.1ms)[0m  [1m[36mbegin transaction[0m
  [1m[36mBand Create (0.3ms)[0m  [1m[32mINSERT INTO "bands" ("name", "description", "playing_next", "when_playing_next", "photo", "song", "created_at", "updated_at") VALUES (?, ?, ?, ?, ?, ?, ?, ?)[0m  [["name", "Admin Band"], ["description", "An initial band to create users"], ["playing_next", nil], ["when_playing_next", nil], ["photo", nil], ["song", nil], ["created_at", "2024-01-30 15:50:54.942040"], ["updated_at", "2024-01-30 15:50:54.942040"]]
  [1m[36mBand Load (0.2ms)[0m  [1m[34mSELECT "bands".* FROM "bands" WHERE "bands"."id" = ? LIMIT ?[0m  [["id", 1], ["LIMIT", 1]]
  [1m[36mUser Exists? (0.1ms)[0m  [1m[34mSELECT 1 AS one FROM "users" WHERE "users"."email" = ? LIMIT ?[0m  [["email", "admin@example.com"], ["LIMIT", 1]]
  [1m[36mUser Create (0.1ms)[0m  [1m[32mINSERT INTO "users" ("first_name", "last_name", "email", "role", "password_digest", "band_id", "active", "created_at", "updated_at") VALUES (?, ?, ?, ?, ?, ?, ?, ?, ?)[0m  [["first_name", "Admin"], ["last_name", "Admin"], ["email", "admin@example.com"], ["role", "admin"], ["password_digest", "$2a$12$RRGokcQWxsDh9PI6lgUO3uMyhohkwmBx3JcMQ879pp9enKng.4OYa"], ["band_id", 1], ["active", 1], ["created_at", "2024-01-30 15:50:55.269853"], ["updated_at", "2024-01-30 15:50:55.269853"]]
  [1m[36mActiveRecord::SchemaMigration Create (0.1ms)[0m  [1m[32mINSERT INTO "schema_migrations" ("version") VALUES (?)[0m  [["version", "20240130155006"]]
  [1m[36mTRANSACTION (3.5ms)[0m  [1m[36mcommit transaction[0m
  [1m[36mActiveRecord::InternalMetadata Load (0.1ms)[0m  [1m[34mSELECT "ar_internal_metadata".* FROM "ar_internal_metadata" WHERE "ar_internal_metadata"."key" = ? LIMIT ?[0m  [["key", "environment"], ["LIMIT", 1]]
  [1m[36mActiveRecord::SchemaMigration Pluck (0.1ms)[0m  [1m[34mSELECT "schema_migrations"."version" FROM "schema_migrations" ORDER BY "schema_migrations"."version" ASC[0m
DEPRECATION WARNING: ActiveRecord::Base.default_timezone is deprecated and will be removed in Rails 7.1.
Use `ActiveRecord.default_timezone` instead.
 (called from <top (required)> at /home/aissaoui/Downloads/lab8-BandBlitizAuthentication&TDD-Ahmed (1)/lab8-preethagopinath-main/BandBlitzStarter/config/environment.rb:5)
Started GET "/" for 127.0.0.1 at 2024-01-30 18:52:32 +0300
  [1m[36mActiveRecord::SchemaMigration Pluck (0.1ms)[0m  [1m[34mSELECT "schema_migrations"."version" FROM "schema_migrations" ORDER BY "schema_migrations"."version" ASC[0m
Processing by BandsController#index as HTML
  [1m[36mBand Load (0.2ms)[0m  [1m[34mSELECT "bands".* FROM "bands" ORDER BY name[0m
  ↳ app/controllers/bands_controller.rb:7:in `index'
  Rendering layout layouts/application.html.erb
  Rendering bands/index.html.erb within layouts/application
  Rendered bands/index.html.erb within layouts/application (Duration: 1834.9ms | Allocations: 118232)
  Rendered layout layouts/application.html.erb (Duration: 1842.2ms | Allocations: 121828)
Completed 200 OK in 1906ms (Views: 1847.4ms | ActiveRecord: 0.7ms | Allocations: 137669)


Started GET "/login" for 127.0.0.1 at 2024-01-30 18:52:43 +0300
Processing by SessionsController#new as HTML
  Rendering layout layouts/application.html.erb
  Rendering sessions/new.html.erb within layouts/application
  Rendered sessions/new.html.erb within layouts/application (Duration: 1.4ms | Allocations: 1064)
  Rendered layout layouts/application.html.erb (Duration: 4.5ms | Allocations: 4153)
Completed 200 OK in 6ms (Views: 5.7ms | ActiveRecord: 0.0ms | Allocations: 4972)


Started POST "/sessions" for 127.0.0.1 at 2024-01-30 18:54:08 +0300
Processing by SessionsController#create as HTML
  Parameters: {"authenticity_token"=>"LSbsKzpwj79dQE0rbGLzSw8Cq1PytsoVMPyR8Zc3yVW83sPRrOxi1v-Yb29UsOPIG6EkJm-3RASnzDOg-Zq7ww", "email"=>"sdsd", "password"=>"[FILTERED]", "commit"=>"Log In"}
  [1m[36mUser Load (0.2ms)[0m  [1m[34mSELECT "users".* FROM "users" WHERE "users"."email" = ? LIMIT ?[0m  [["email", "sdsd"], ["LIMIT", 1]]
  ↳ app/controllers/sessions_controller.rb:6:in `create'
  Rendering layout layouts/application.html.erb
  Rendering sessions/new.html.erb within layouts/application
  Rendered sessions/new.html.erb within layouts/application (Duration: 0.7ms | Allocations: 445)
  Rendered layout layouts/application.html.erb (Duration: 5.8ms | Allocations: 3471)
Completed 200 OK in 18ms (Views: 6.4ms | ActiveRecord: 0.6ms | Allocations: 8592)


Started POST "/sessions" for 127.0.0.1 at 2024-01-30 18:54:19 +0300
Processing by SessionsController#create as HTML
  Parameters: {"authenticity_token"=>"C7bIaF1RjYIjS9pYqBeh3zqWsik2L-hubhRnCIzblp6aTueSy81g64GT-ByQxbFcLjU9XKsuZn_5JMVZ4nbkCA", "email"=>"admin", "password"=>"[FILTERED]", "commit"=>"Log In"}
  [1m[36mUser Load (0.1ms)[0m  [1m[34mSELECT "users".* FROM "users" WHERE "users"."email" = ? LIMIT ?[0m  [["email", "admin"], ["LIMIT", 1]]
  ↳ app/controllers/sessions_controller.rb:6:in `create'
  Rendering layout layouts/application.html.erb
  Rendering sessions/new.html.erb within layouts/application
  Rendered sessions/new.html.erb within layouts/application (Duration: 0.5ms | Allocations: 391)
  Rendered layout layouts/application.html.erb (Duration: 26.2ms | Allocations: 3321)
Completed 200 OK in 37ms (Views: 26.7ms | ActiveRecord: 0.1ms | Allocations: 4272)


Started POST "/sessions" for 127.0.0.1 at 2024-01-30 18:54:24 +0300
Processing by SessionsController#create as HTML
  Parameters: {"authenticity_token"=>"lMySJsZmmpmNg2UjNilYoyjE3NuQNWV5jMaIh53tWbEFNL3cUPp38C9bR2cO-0ggPGdTrg0062gb9irW80ArJw", "email"=>"admin", "password"=>"[FILTERED]", "commit"=>"Log In"}
  [1m[36mUser Load (0.1ms)[0m  [1m[34mSELECT "users".* FROM "users" WHERE "users"."email" = ? LIMIT ?[0m  [["email", "admin"], ["LIMIT", 1]]
  ↳ app/controllers/sessions_controller.rb:6:in `create'
  Rendering layout layouts/application.html.erb
  Rendering sessions/new.html.erb within layouts/application
  Rendered sessions/new.html.erb within layouts/application (Duration: 0.5ms | Allocations: 391)
  Rendered layout layouts/application.html.erb (Duration: 31.9ms | Allocations: 3322)
Completed 200 OK in 40ms (Views: 32.3ms | ActiveRecord: 0.1ms | Allocations: 4247)


Started POST "/sessions" for 127.0.0.1 at 2024-01-30 18:54:30 +0300
Processing by SessionsController#create as HTML
  Parameters: {"authenticity_token"=>"kVCxK0cQgrwVGwiuNogCt_lUTibdJvNzGFerey0ZpD8AqJ7R0Yxv1bfDKuoOWhI07ffBU0AnfWKPZwkqQ7TWqQ", "email"=>"admin", "password"=>"[FILTERED]", "commit"=>"Log In"}
  [1m[36mUser Load (0.1ms)[0m  [1m[34mSELECT "users".* FROM "users" WHERE "users"."email" = ? LIMIT ?[0m  [["email", "admin"], ["LIMIT", 1]]
  ↳ app/controllers/sessions_controller.rb:6:in `create'
  Rendering layout layouts/application.html.erb
  Rendering sessions/new.html.erb within layouts/application
  Rendered sessions/new.html.erb within layouts/application (Duration: 0.5ms | Allocations: 391)
  Rendered layout layouts/application.html.erb (Duration: 4.3ms | Allocations: 3324)
Completed 200 OK in 7ms (Views: 5.3ms | ActiveRecord: 0.1ms | Allocations: 4250)


Started POST "/sessions" for 127.0.0.1 at 2024-01-30 18:54:47 +0300
Processing by SessionsController#create as HTML
  Parameters: {"authenticity_token"=>"_71qyIgG3l20x1fHt0sp6EZ-2_rePnxFTN1drL4T5XRuRUUyHpozNBYfdYOPmTlrUt1Uj0M_8lTb7f_90L6X4g", "email"=>"admin@example.com", "password"=>"[FILTERED]", "commit"=>"Log In"}
  [1m[36mUser Load (0.1ms)[0m  [1m[34mSELECT "users".* FROM "users" WHERE "users"."email" = ? LIMIT ?[0m  [["email", "admin@example.com"], ["LIMIT", 1]]
  ↳ app/controllers/sessions_controller.rb:6:in `create'
Redirected to http://localhost:3000/
Completed 302 Found in 319ms (ActiveRecord: 0.4ms | Allocations: 5632)


Started GET "/" for 127.0.0.1 at 2024-01-30 18:54:47 +0300
Processing by BandsController#index as HTML
  [1m[36mBand Load (0.2ms)[0m  [1m[34mSELECT "bands".* FROM "bands" ORDER BY name[0m
  ↳ app/controllers/bands_controller.rb:7:in `index'
  Rendering layout layouts/application.html.erb
  Rendering bands/index.html.erb within layouts/application
  Rendered bands/index.html.erb within layouts/application (Duration: 4.6ms | Allocations: 1469)
  [1m[36mUser Load (0.2ms)[0m  [1m[34mSELECT "users".* FROM "users" WHERE "users"."id" = ? LIMIT ?[0m  [["id", 1], ["LIMIT", 1]]
  ↳ app/controllers/application_controller.rb:5:in `current_user'
  Rendered layout layouts/application.html.erb (Duration: 10.1ms | Allocations: 5770)
Completed 200 OK in 13ms (Views: 10.5ms | ActiveRecord: 0.3ms | Allocations: 6609)


Started GET "/logout" for 127.0.0.1 at 2024-01-30 18:54:54 +0300
Processing by SessionsController#destroy as HTML
Redirected to http://localhost:3000/
Completed 302 Found in 1ms (ActiveRecord: 0.0ms | Allocations: 325)


Started GET "/" for 127.0.0.1 at 2024-01-30 18:54:54 +0300
Processing by BandsController#index as HTML
  [1m[36mBand Load (0.2ms)[0m  [1m[34mSELECT "bands".* FROM "bands" ORDER BY name[0m
  ↳ app/controllers/bands_controller.rb:7:in `index'
  Rendering layout layouts/application.html.erb
  Rendering bands/index.html.erb within layouts/application
  Rendered bands/index.html.erb within layouts/application (Duration: 2.2ms | Allocations: 1446)
  Rendered layout layouts/application.html.erb (Duration: 6.7ms | Allocations: 4444)
Completed 200 OK in 9ms (Views: 7.1ms | ActiveRecord: 0.2ms | Allocations: 5262)


